<?xml version="1.0" encoding="UTF-8"?>
<testng-results skipped="0" failed="0" total="1" passed="1">
  <reporter-output>
  </reporter-output>
  <suite name="Default suite" duration-ms="33899" started-at="2016-04-01T17:41:25Z" finished-at="2016-04-01T17:41:59Z">
    <groups>
    </groups>
    <test name="Default test" duration-ms="33899" started-at="2016-04-01T17:41:25Z" finished-at="2016-04-01T17:41:59Z">
      <class name="com.test1.tests.CreateNewUserCheckDB">
        <test-method status="PASS" signature="beforSuite()[pri:0, instance:com.test1.tests.CreateNewUserCheckDB@1ff8b8f]" name="beforSuite" is-config="true" duration-ms="8" started-at="2016-04-01T13:41:25Z" finished-at="2016-04-01T13:41:25Z">
          <reporter-output>
          </reporter-output>
        </test-method> <!-- beforSuite -->
        <test-method status="PASS" signature="beforeMethod()[pri:0, instance:com.test1.tests.CreateNewUserCheckDB@1ff8b8f]" name="beforeMethod" is-config="true" duration-ms="6238" started-at="2016-04-01T13:41:26Z" finished-at="2016-04-01T13:41:32Z">
          <reporter-output>
          </reporter-output>
        </test-method> <!-- beforeMethod -->
        <test-method status="PASS" signature="testNewUserCreationCheckDB(java.lang.String, java.lang.String, java.lang.String, java.lang.String, java.lang.String, java.lang.String)[pri:0, instance:com.test1.tests.CreateNewUserCheckDB@1ff8b8f]" name="testNewUserCreationCheckDB" duration-ms="25327" started-at="2016-04-01T13:41:32Z" data-provider="dataProvider" finished-at="2016-04-01T13:41:58Z">
          <params>
            <param index="0">
              <value>
                <![CDATA[jason.lee@soltech.net]]>
              </value>
            </param>
            <param index="1">
              <value>
                <![CDATA[jason]]>
              </value>
            </param>
            <param index="2">
              <value>
                <![CDATA[Synhlee@yahoo.com]]>
              </value>
            </param>
            <param index="3">
              <value>
                <![CDATA[Rick]]>
              </value>
            </param>
            <param index="4">
              <value>
                <![CDATA[Ross]]>
              </value>
            </param>
            <param index="5">
              <value>
                <![CDATA[PowerSecure]]>
              </value>
            </param>
          </params>
          <reporter-output>
          </reporter-output>
        </test-method> <!-- testNewUserCreationCheckDB -->
        <test-method status="PASS" signature="afterMethod()[pri:0, instance:com.test1.tests.CreateNewUserCheckDB@1ff8b8f]" name="afterMethod" is-config="true" duration-ms="1580" started-at="2016-04-01T13:41:58Z" finished-at="2016-04-01T13:41:59Z">
          <reporter-output>
          </reporter-output>
        </test-method> <!-- afterMethod -->
      </class> <!-- com.test1.tests.CreateNewUserCheckDB -->
    </test> <!-- Default test -->
  </suite> <!-- Default suite -->
</testng-results>
